HTTP/1.1 200 OK
Content-Security-Policy: default-src 'none'; style-src 'unsafe-inline'; sandbox
Strict-Transport-Security: max-age=31536000
X-Content-Type-Options: nosniff
X-Frame-Options: deny
X-XSS-Protection: 1; mode=block
ETag: "2de27efe4ccf1077d239eb09ccd09e2b781fd38d"
Content-Type: text/plain; charset=utf-8
Cache-Control: max-age=300
X-Geo-Block-List:
X-GitHub-Request-Id: 7ECA:1D17:942CE4:9FDF02:5C73F6E9
Content-Length: 129952
Accept-Ranges: bytes
Date: Mon, 25 Feb 2019 14:11:07 GMT
Via: 1.1 varnish
Connection: keep-alive
X-Served-By: cache-bma1640-BMA
X-Cache: HIT
X-Cache-Hits: 1
X-Timer: S1551103867.189932,VS0,VE1
Vary: Authorization,Accept-Encoding
Access-Control-Allow-Origin: *
X-Fastly-Request-ID: 162a031bf63a005f32a097c342e1f57cd7ad28c1
Expires: Mon, 25 Feb 2019 14:16:07 GMT
Source-Age: 146

HTTP/1.1 200 OK
Date: Mon, 25 Feb 2019 14:11:07 GMT
Content-Type: application/zip
Content-Length: 75906
Connection: keep-alive
Content-Disposition: attachment; filename=API_EN.ATM.CO2E.KT_DS2_en_csv_v2_10473877.zip
X-Powered-By: ASP.NET
Set-Cookie: TS019266c8=017189f947e787ee14eaabf9be98772a409a80c3945582775992dbf498bc14294a117ed892; Path=/
Strict-Transport-Security: max-age=31536000; includeSubDomains
X-XSS-Protection: 1; mode=block
X-Content-Type-Options: nosniff
X-Frame-Options: deny

HTTP/1.1 200 OK
Date: Mon, 25 Feb 2019 14:11:08 GMT
Content-Type: application/zip
Content-Length: 80193
Connection: keep-alive
Content-Disposition: attachment; filename=API_SP.POP.TOTL_DS2_en_csv_v2_10473719.zip
X-Powered-By: ASP.NET
Set-Cookie: TS019266c8=017189f9476322e384e4be465f4d2e4e15f9b9ebeb2d05c41d424cf3eeb08c92232a5890a6; Path=/
Strict-Transport-Security: max-age=31536000; includeSubDomains
X-XSS-Protection: 1; mode=block
X-Content-Type-Options: nosniff
X-Frame-Options: deny

HTTP/1.1 200 OK
Content-Security-Policy: default-src 'none'; style-src 'unsafe-inline'; sandbox
Strict-Transport-Security: max-age=31536000
X-Content-Type-Options: nosniff
X-Frame-Options: deny
X-XSS-Protection: 1; mode=block
ETag: "2de27efe4ccf1077d239eb09ccd09e2b781fd38d"
Content-Type: text/plain; charset=utf-8
Cache-Control: max-age=300
X-Geo-Block-List:
X-GitHub-Request-Id: 7ECA:1D17:942CE4:9FDF02:5C73F6E9
Content-Length: 129952
Accept-Ranges: bytes
Date: Mon, 25 Feb 2019 14:12:03 GMT
Via: 1.1 varnish
Connection: keep-alive
X-Served-By: cache-bma1636-BMA
X-Cache: HIT
X-Cache-Hits: 1
X-Timer: S1551103924.944123,VS0,VE2
Vary: Authorization,Accept-Encoding
Access-Control-Allow-Origin: *
X-Fastly-Request-ID: ce35dc55918db10882e0790da56c4be438bc3395
Expires: Mon, 25 Feb 2019 14:17:03 GMT
Source-Age: 202

HTTP/1.1 200 OK
Date: Mon, 25 Feb 2019 14:12:04 GMT
Content-Type: application/zip
Content-Length: 75906
Connection: keep-alive
Content-Disposition: attachment; filename=API_EN.ATM.CO2E.KT_DS2_en_csv_v2_10473877.zip
X-Powered-By: ASP.NET
Set-Cookie: TS019266c8=017189f947f498e371082554f623ecc3fb6cd912a1a0b2a09503a830768672fe40326d92a9; Path=/
Strict-Transport-Security: max-age=31536000; includeSubDomains
X-XSS-Protection: 1; mode=block
X-Content-Type-Options: nosniff
X-Frame-Options: deny

HTTP/1.1 200 OK
Date: Mon, 25 Feb 2019 14:12:05 GMT
Content-Type: application/zip
Content-Length: 80193
Connection: keep-alive
Content-Disposition: attachment; filename=API_SP.POP.TOTL_DS2_en_csv_v2_10473719.zip
X-Powered-By: ASP.NET
Set-Cookie: dataapi.cookie=769702154.20480.0000; path=/
Set-Cookie: BIGipServerdataapi.sfarm=1604431882.20480.0000; path=/
Set-Cookie: TS019266c8=017189f947039edf98a49bd00d47616da922e3274e9ef3dcedb7c931486d69daa2f8d810a34b8598dfdcb801704d20f1a3b9e8ae33d468da9d8bd3bef247b7d830cdffba9a; Path=/
Strict-Transport-Security: max-age=31536000; includeSubDomains
X-XSS-Protection: 1; mode=block
X-Content-Type-Options: nosniff
X-Frame-Options: deny

HTTP/1.1 200 OK
Content-Security-Policy: default-src 'none'; style-src 'unsafe-inline'; sandbox
Strict-Transport-Security: max-age=31536000
X-Content-Type-Options: nosniff
X-Frame-Options: deny
X-XSS-Protection: 1; mode=block
ETag: "2de27efe4ccf1077d239eb09ccd09e2b781fd38d"
Content-Type: text/plain; charset=utf-8
Cache-Control: max-age=300
X-Geo-Block-List:
X-GitHub-Request-Id: FBD8:2DAA:53931A:5A2075:5C73F88C
Content-Length: 129952
Accept-Ranges: bytes
Date: Mon, 25 Feb 2019 14:15:40 GMT
Via: 1.1 varnish
Connection: keep-alive
X-Served-By: cache-bma1632-BMA
X-Cache: MISS
X-Cache-Hits: 0
X-Timer: S1551104141.773404,VS0,VE150
Vary: Authorization,Accept-Encoding
Access-Control-Allow-Origin: *
X-Fastly-Request-ID: cd5eacd706c0e1be54f0b9692888877ebcd3a251
Expires: Mon, 25 Feb 2019 14:20:40 GMT
Source-Age: 0

HTTP/1.1 200 OK
Date: Mon, 25 Feb 2019 14:15:41 GMT
Content-Type: application/zip
Content-Length: 75906
Connection: keep-alive
Content-Disposition: attachment; filename=API_EN.ATM.CO2E.KT_DS2_en_csv_v2_10473877.zip
X-Powered-By: ASP.NET
Set-Cookie: TS01fa65e4=01359ee976cd4ab4fd98f8ccbf73430d9f9bb70d83b815d4d56dfb75f8b9da02107e89a9b9; Path=/
Strict-Transport-Security: max-age=31536000; includeSubDomains
X-XSS-Protection: 1; mode=block
X-Content-Type-Options: nosniff
X-Frame-Options: deny

HTTP/1.1 200 OK
Date: Mon, 25 Feb 2019 14:15:41 GMT
Content-Type: application/zip
Content-Length: 80193
Connection: keep-alive
Content-Disposition: attachment; filename=API_SP.POP.TOTL_DS2_en_csv_v2_10473719.zip
X-Powered-By: ASP.NET
Set-Cookie: dataapi.cookie=769702154.20480.0000; path=/
Set-Cookie: BIGipServerdataapi.sfarm=1604433930.20480.0000; path=/
Set-Cookie: TS01fa65e4=01359ee976a2ae7f81e3f6e56fda16c467d26dddfa76b2f9c877dcf9683465409b57eb14a13749742978bb6da0359c621d1c38b37fd7825ab3a97b727d5eb297aa5aab55cf; Path=/
Strict-Transport-Security: max-age=31536000; includeSubDomains
X-XSS-Protection: 1; mode=block
X-Content-Type-Options: nosniff
X-Frame-Options: deny

HTTP/1.1 200 OK
Content-Security-Policy: default-src 'none'; style-src 'unsafe-inline'; sandbox
Strict-Transport-Security: max-age=31536000
X-Content-Type-Options: nosniff
X-Frame-Options: deny
X-XSS-Protection: 1; mode=block
ETag: "2de27efe4ccf1077d239eb09ccd09e2b781fd38d"
Content-Type: text/plain; charset=utf-8
Cache-Control: max-age=300
X-Geo-Block-List:
X-GitHub-Request-Id: FBD8:2DAA:53931A:5A2075:5C73F88C
Content-Length: 129952
Accept-Ranges: bytes
Date: Mon, 25 Feb 2019 14:15:51 GMT
Via: 1.1 varnish
Connection: keep-alive
X-Served-By: cache-bma1646-BMA
X-Cache: HIT
X-Cache-Hits: 1
X-Timer: S1551104151.275584,VS0,VE1
Vary: Authorization,Accept-Encoding
Access-Control-Allow-Origin: *
X-Fastly-Request-ID: 255000bb16826aed1831c7d8eb95a6bbe745ccbf
Expires: Mon, 25 Feb 2019 14:20:51 GMT
Source-Age: 10

HTTP/1.1 200 OK
Date: Mon, 25 Feb 2019 14:15:51 GMT
Content-Type: application/zip
Content-Length: 75906
Connection: keep-alive
Content-Disposition: attachment; filename=API_EN.ATM.CO2E.KT_DS2_en_csv_v2_10473877.zip
X-Powered-By: ASP.NET
Set-Cookie: dataapi.cookie=769702154.20480.0000; path=/
Set-Cookie: BIGipServerdataapi.sfarm=1604431882.20480.0000; path=/
Set-Cookie: TS019266c8=017189f9477307bfff6f767fbb5aca64dadf3cc46dd25853a13907aad4a5e33f0444a24ee2c6f25764fe73876f99a8a8338c91a153f2270e47fdbf40066e7e60b28fca4b38; Path=/
Strict-Transport-Security: max-age=31536000; includeSubDomains
X-XSS-Protection: 1; mode=block
X-Content-Type-Options: nosniff
X-Frame-Options: deny

HTTP/1.1 200 OK
Date: Mon, 25 Feb 2019 14:15:52 GMT
Content-Type: application/zip
Content-Length: 80193
Connection: keep-alive
Content-Disposition: attachment; filename=API_SP.POP.TOTL_DS2_en_csv_v2_10473719.zip
X-Powered-By: ASP.NET
Set-Cookie: TS01fa65e4=01359ee976da1543ecf5b98a9d368587b79d1c434476da964b7af7146edd14be15302051a5; Path=/
Strict-Transport-Security: max-age=31536000; includeSubDomains
X-XSS-Protection: 1; mode=block
X-Content-Type-Options: nosniff
X-Frame-Options: deny

HTTP/1.1 200 OK
Content-Security-Policy: default-src 'none'; style-src 'unsafe-inline'; sandbox
Strict-Transport-Security: max-age=31536000
X-Content-Type-Options: nosniff
X-Frame-Options: deny
X-XSS-Protection: 1; mode=block
ETag: "2de27efe4ccf1077d239eb09ccd09e2b781fd38d"
Content-Type: text/plain; charset=utf-8
Cache-Control: max-age=300
X-Geo-Block-List:
X-GitHub-Request-Id: FBD8:2DAA:53931A:5A2075:5C73F88C
Content-Length: 129952
Accept-Ranges: bytes
Date: Mon, 25 Feb 2019 14:20:31 GMT
Via: 1.1 varnish
Connection: keep-alive
X-Served-By: cache-bma1643-BMA
X-Cache: HIT
X-Cache-Hits: 1
X-Timer: S1551104432.881166,VS0,VE1
Vary: Authorization,Accept-Encoding
Access-Control-Allow-Origin: *
X-Fastly-Request-ID: dfd052ed42747606fa3c6647b95738c521041754
Expires: Mon, 25 Feb 2019 14:25:31 GMT
Source-Age: 291

HTTP/1.1 200 OK
Date: Mon, 25 Feb 2019 14:20:32 GMT
Content-Type: application/zip
Content-Length: 75906
Connection: keep-alive
Content-Disposition: attachment; filename=API_EN.ATM.CO2E.KT_DS2_en_csv_v2_10473877.zip
X-Powered-By: ASP.NET
Set-Cookie: TS01fa65e4=01359ee976a3e5a5a85fecc24aa7a66929518c6bd675b3455f776dc64caf78bad2d4f6650f; Path=/
Strict-Transport-Security: max-age=31536000; includeSubDomains
X-XSS-Protection: 1; mode=block
X-Content-Type-Options: nosniff
X-Frame-Options: deny

HTTP/1.1 200 OK
Date: Mon, 25 Feb 2019 14:20:32 GMT
Content-Type: application/zip
Content-Length: 80193
Connection: keep-alive
Content-Disposition: attachment; filename=API_SP.POP.TOTL_DS2_en_csv_v2_10473719.zip
X-Powered-By: ASP.NET
Set-Cookie: dataapi.cookie=769702154.20480.0000; path=/
Set-Cookie: BIGipServerdataapi.sfarm=1604433930.20480.0000; path=/
Set-Cookie: TS01fa65e4=01359ee9761c7fb5983fb5b99367c0297bed2ade60b289f56d9a05ede1cd8786415ba2f1ab4579b45fef2174c80357e9b18ac9fca3efb55ef9a73257b8e879964a4105b4a8; Path=/
Strict-Transport-Security: max-age=31536000; includeSubDomains
X-XSS-Protection: 1; mode=block
X-Content-Type-Options: nosniff
X-Frame-Options: deny

